2017-05-16 19:47:20 ERROR MyException - El nombre de usario no puede estar vacio
2017-05-16 20:02:35 ERROR MyException - El nombre de usario no puede estar vacio
2017-05-16 20:04:05 ERROR MyException - El nombre de usario no puede estar vacio
2017-05-16 20:04:45 ERROR MyException - El nombre de usario no puede estar vacio
2017-05-16 20:05:24 ERROR MyException - El nombre de usario no puede estar vacio
2017-05-16 20:05:43 ERROR MyException - El nombre de usario no puede estar vacio
2017-05-16 20:06:01 ERROR MyException - El nombre de usario no puede estar vacio
2017-05-16 20:14:45 ERROR MyException - El nombre de usario no puede estar vacio
2017-05-16 20:14:49 ERROR MyException - El nombre de usario no puede estar vacio
2017-05-16 20:15:36 ERROR MyException - El nombre de usario no puede estar vacio
2017-05-16 20:32:52 ERROR MyException - El nombre de usario no puede estar vacio
2017-05-16 20:33:05 ERROR MyException - El nombre de usario no puede estar vacio
2017-05-16 20:33:14 ERROR MyException - El nombre de usario no puede estar vacio
2017-05-16 20:33:15 ERROR MyException - El nombre de usario no puede estar vacio
2017-05-16 20:33:16 ERROR MyException - El nombre de usario no puede estar vacio
2017-05-16 20:33:17 ERROR MyException - El nombre de usario no puede estar vacio
2017-05-16 20:33:17 ERROR MyException - El nombre de usario no puede estar vacio
2017-05-16 20:33:18 ERROR MyException - El nombre de usario no puede estar vacio
2017-05-16 20:33:18 ERROR MyException - El nombre de usario no puede estar vacio
2017-05-16 20:33:18 ERROR MyException - El nombre de usario no puede estar vacio
2017-05-16 20:33:19 ERROR MyException - El nombre de usario no puede estar vacio
2017-05-16 20:33:19 ERROR MyException - El nombre de usario no puede estar vacio
2017-05-16 20:33:19 ERROR MyException - El nombre de usario no puede estar vacio
2017-05-16 20:33:22 ERROR MyException - El nombre de usario no puede estar vacio
2017-05-16 20:33:22 ERROR MyException - El nombre de usario no puede estar vacio
2017-05-16 20:33:23 ERROR MyException - El nombre de usario no puede estar vacio
2017-05-16 20:33:23 ERROR MyException - El nombre de usario no puede estar vacio
2017-05-16 20:33:24 ERROR MyException - El nombre de usario no puede estar vacio
2017-05-16 20:33:24 ERROR MyException - El nombre de usario no puede estar vacio
2017-05-16 20:33:24 ERROR MyException - El nombre de usario no puede estar vacio
2017-05-16 20:33:24 ERROR MyException - El nombre de usario no puede estar vacio
2017-05-16 20:33:24 ERROR MyException - El nombre de usario no puede estar vacio
2017-05-16 20:33:25 ERROR MyException - El nombre de usario no puede estar vacio
2017-05-16 20:33:46 ERROR MyException - El nombre de usario no puede estar vacio
2017-05-16 20:34:34 ERROR MyException - El nombre de usario no puede estar vacio
2017-05-16 20:54:30 ERROR MyException - El nombre de usario no puede estar vacio
2017-05-17 07:15:52 ERROR MyException - El nombre de usario no puede estar vacio
2017-05-17 07:16:19 ERROR MyException - El nombre de usario no puede estar vacio
2017-05-17 07:45:02 ERROR MyException - Usuario o contrasena incorrecto
2017-05-17 07:45:23 ERROR MyException - Usuario o contrasena incorrecto
2017-05-17 08:16:05 ERROR MyException - El manager no existe
2017-05-17 08:20:57 ERROR MyException - El manager no existe
2017-05-17 08:24:03 ERROR MyException - El manager no existe
2017-05-17 08:26:47 ERROR MyException - El manager no existe
2017-05-17 08:40:12 ERROR MyException - Error guardando user
org.hibernate.NonUniqueObjectException: a different object with the same identifier value was already associated with the session: [co.edu.udea.iw.dto.User#juan2]
	at org.hibernate.event.def.AbstractSaveEventListener.performSave(AbstractSaveEventListener.java:190)
	at org.hibernate.event.def.AbstractSaveEventListener.saveWithGeneratedId(AbstractSaveEventListener.java:143)
	at org.hibernate.event.def.DefaultSaveOrUpdateEventListener.saveWithGeneratedOrRequestedId(DefaultSaveOrUpdateEventListener.java:210)
	at org.hibernate.event.def.DefaultSaveEventListener.saveWithGeneratedOrRequestedId(DefaultSaveEventListener.java:56)
	at org.hibernate.event.def.DefaultSaveOrUpdateEventListener.entityIsTransient(DefaultSaveOrUpdateEventListener.java:195)
	at org.hibernate.event.def.DefaultSaveEventListener.performSaveOrUpdate(DefaultSaveEventListener.java:50)
	at org.hibernate.event.def.DefaultSaveOrUpdateEventListener.onSaveOrUpdate(DefaultSaveOrUpdateEventListener.java:93)
	at org.hibernate.impl.SessionImpl.fireSave(SessionImpl.java:713)
	at org.hibernate.impl.SessionImpl.save(SessionImpl.java:701)
	at org.hibernate.impl.SessionImpl.save(SessionImpl.java:697)
	at co.edu.udea.iw.dao.impl.UserDAOImpl.registerUser(UserDAOImpl.java:53)
	at co.edu.udea.iw.bl.impl.UserBLImpl.registerUser(UserBLImpl.java:84)
	at sun.reflect.NativeMethodAccessorImpl.invoke0(Native Method)
	at sun.reflect.NativeMethodAccessorImpl.invoke(Unknown Source)
	at sun.reflect.DelegatingMethodAccessorImpl.invoke(Unknown Source)
	at java.lang.reflect.Method.invoke(Unknown Source)
	at org.springframework.aop.support.AopUtils.invokeJoinpointUsingReflection(AopUtils.java:317)
	at org.springframework.aop.framework.ReflectiveMethodInvocation.invokeJoinpoint(ReflectiveMethodInvocation.java:190)
	at org.springframework.aop.framework.ReflectiveMethodInvocation.proceed(ReflectiveMethodInvocation.java:157)
	at org.springframework.transaction.interceptor.TransactionInterceptor$1.proceedWithInvocation(TransactionInterceptor.java:99)
	at org.springframework.transaction.interceptor.TransactionAspectSupport.invokeWithinTransaction(TransactionAspectSupport.java:281)
	at org.springframework.transaction.interceptor.TransactionInterceptor.invoke(TransactionInterceptor.java:96)
	at org.springframework.aop.framework.ReflectiveMethodInvocation.proceed(ReflectiveMethodInvocation.java:179)
	at org.springframework.aop.framework.JdkDynamicAopProxy.invoke(JdkDynamicAopProxy.java:207)
	at com.sun.proxy.$Proxy347.registerUser(Unknown Source)
	at co.edu.udea.prestamos.ws.UserWS.registerUser(UserWS.java:53)
	at sun.reflect.NativeMethodAccessorImpl.invoke0(Native Method)
	at sun.reflect.NativeMethodAccessorImpl.invoke(Unknown Source)
	at sun.reflect.DelegatingMethodAccessorImpl.invoke(Unknown Source)
	at java.lang.reflect.Method.invoke(Unknown Source)
	at com.sun.jersey.server.impl.model.method.dispatch.AbstractResourceMethodDispatchProvider$TypeOutInvoker._dispatch(AbstractResourceMethodDispatchProvider.java:168)
	at com.sun.jersey.server.impl.model.method.dispatch.ResourceJavaMethodDispatcher.dispatch(ResourceJavaMethodDispatcher.java:70)
	at com.sun.jersey.server.impl.uri.rules.HttpMethodRule.accept(HttpMethodRule.java:279)
	at com.sun.jersey.server.impl.uri.rules.RightHandPathRule.accept(RightHandPathRule.java:136)
	at com.sun.jersey.server.impl.uri.rules.ResourceClassRule.accept(ResourceClassRule.java:86)
	at com.sun.jersey.server.impl.uri.rules.RightHandPathRule.accept(RightHandPathRule.java:136)
	at com.sun.jersey.server.impl.uri.rules.RootResourceClassesRule.accept(RootResourceClassesRule.java:74)
	at com.sun.jersey.server.impl.application.WebApplicationImpl._handleRequest(WebApplicationImpl.java:1357)
	at com.sun.jersey.server.impl.application.WebApplicationImpl._handleRequest(WebApplicationImpl.java:1289)
	at com.sun.jersey.server.impl.application.WebApplicationImpl.handleRequest(WebApplicationImpl.java:1239)
	at com.sun.jersey.server.impl.application.WebApplicationImpl.handleRequest(WebApplicationImpl.java:1229)
	at com.sun.jersey.spi.container.servlet.WebComponent.service(WebComponent.java:420)
	at com.sun.jersey.spi.container.servlet.ServletContainer.service(ServletContainer.java:497)
	at com.sun.jersey.spi.container.servlet.ServletContainer.service(ServletContainer.java:684)
	at javax.servlet.http.HttpServlet.service(HttpServlet.java:731)
	at org.apache.catalina.core.ApplicationFilterChain.internalDoFilter(ApplicationFilterChain.java:303)
	at org.apache.catalina.core.ApplicationFilterChain.doFilter(ApplicationFilterChain.java:208)
	at org.apache.tomcat.websocket.server.WsFilter.doFilter(WsFilter.java:52)
	at org.apache.catalina.core.ApplicationFilterChain.internalDoFilter(ApplicationFilterChain.java:241)
	at org.apache.catalina.core.ApplicationFilterChain.doFilter(ApplicationFilterChain.java:208)
	at org.apache.catalina.core.StandardWrapperValve.invoke(StandardWrapperValve.java:218)
	at org.apache.catalina.core.StandardContextValve.invoke(StandardContextValve.java:110)
	at org.apache.catalina.authenticator.AuthenticatorBase.invoke(AuthenticatorBase.java:506)
	at org.apache.catalina.core.StandardHostValve.invoke(StandardHostValve.java:169)
	at org.apache.catalina.valves.ErrorReportValve.invoke(ErrorReportValve.java:103)
	at org.apache.catalina.valves.AccessLogValve.invoke(AccessLogValve.java:962)
	at org.apache.catalina.core.StandardEngineValve.invoke(StandardEngineValve.java:116)
	at org.apache.catalina.connector.CoyoteAdapter.service(CoyoteAdapter.java:445)
	at org.apache.coyote.http11.AbstractHttp11Processor.process(AbstractHttp11Processor.java:1115)
	at org.apache.coyote.AbstractProtocol$AbstractConnectionHandler.process(AbstractProtocol.java:637)
	at org.apache.tomcat.util.net.JIoEndpoint$SocketProcessor.run(JIoEndpoint.java:316)
	at java.util.concurrent.ThreadPoolExecutor.runWorker(Unknown Source)
	at java.util.concurrent.ThreadPoolExecutor$Worker.run(Unknown Source)
	at org.apache.tomcat.util.threads.TaskThread$WrappingRunnable.run(TaskThread.java:61)
	at java.lang.Thread.run(Unknown Source)
2017-05-17 08:41:01 ERROR MyException - El manager no existe
